2025-08-11 16:06:32 [STEP] [Step 1/12] Checking system prerequisites and requirements
2025-08-11 16:06:32 [WARNING] This script requires sudo access for certificate operations
2025-08-11 16:06:32 [INFO] You may be prompted for your password
2025-08-11 16:06:33 [SUCCESS] Domain khudroo.com resolves to: 192.168.50.2
2025-08-11 16:06:33 [SUCCESS] All prerequisites check passed
2025-08-11 16:06:33 [STEP] [Step 2/12] Setting up Certbot SSL certificate client
2025-08-11 16:06:33 [SUCCESS] Certbot already available
certbot 4.2.0
2025-08-11 16:06:33 [STEP] [Step 3/12] Backing up existing configurations
2025-08-11 16:06:33 [SUCCESS] Nginx SSL configurations backed up to ./ssl/backup/20250811-160632
2025-08-11 16:06:33 [SUCCESS] Docker Compose configuration backed up
2025-08-11 16:06:33 [STEP] [Step 4/12] Performing complete Docker cleanup to fix container issues
2025-08-11 16:06:33 [INFO] Stopping all services...
2025-08-11 16:06:34 [INFO] Stopping all running containers...
2025-08-11 16:06:34 [INFO] Removing all containers...
2025-08-11 16:06:34 [INFO] Removing unused images and networks...
Total reclaimed space: 0B
2025-08-11 16:06:34 [INFO] Removing volumes (keeping data volumes)...
Total reclaimed space: 0B
2025-08-11 16:06:34 [INFO] Restarting Docker daemon...
