2025-08-11 13:40:29 - \033[0;36m[Step 1/12] Checking system prerequisites\033[0m
2025-08-11 13:40:29 - \033[0;32m✅ Using Docker network: odoo-multi-tenant-system_odoo_network\033[0m
2025-08-11 13:40:29 - \033[0;32m✅ All prerequisites met\033[0m
2025-08-11 13:40:29 - \033[0;36m[Step 2/12] Setting up SSL directories\033[0m
2025-08-11 13:40:29 - \033[0;32m✅ SSL directories created\033[0m
2025-08-11 13:40:29 - \033[0;36m[Step 3/12] Generating DH parameters\033[0m
2025-08-11 13:40:29 - \033[0;32m✅ DH parameters already exist\033[0m
2025-08-11 13:40:29 - \033[0;36m[Step 4/12] Cleaning up old SSL configurations\033[0m
2025-08-11 13:40:29 - \033[0;32m✅ Disabled: complete-ssl.conf\033[0m
2025-08-11 13:40:29 - \033[0;32m✅ Disabled: localhost-ssl.conf\033[0m
2025-08-11 13:40:29 - \033[0;32m✅ Disabled: ssl.conf\033[0m
2025-08-11 13:40:29 - \033[0;36m[Step 5/12] Checking for existing certificates\033[0m
2025-08-11 13:40:31 - \033[0;32m✅ Found existing certificate: khudroo.com\033[0m
2025-08-11 13:40:31 - \033[0;36m[Step 6/12] Creating nginx SSL configuration\033[0m
2025-08-11 13:40:31 - \033[0;32m✅ SSL configuration created: ssl-master.conf\033[0m
2025-08-11 13:40:31 - \033[0;36m[Step 7/12] Fixing nginx configuration issues\033[0m
2025-08-11 13:40:31 - \033[0;32m✅ Fixed any header typos\033[0m
2025-08-11 13:40:31 - \033[0;36m[Step 8/12] Updating nginx.conf\033[0m
2025-08-11 13:40:31 - \033[0;32m✅ Added rate limiting to nginx.conf\033[0m
2025-08-11 13:40:31 - \033[0;32m✅ Configuration includes already present\033[0m
2025-08-11 13:40:31 - \033[0;36m[Step 9/12] Setting up automatic certificate renewal\033[0m
2025-08-11 13:40:31 - \033[0;32m✅ Auto-renewal cron job configured (runs twice daily)\033[0m
2025-08-11 13:40:31 - \033[0;36m[Step 10/12] Testing SSL configuration\033[0m
2025-08-11 13:40:31 - \033[0;34m🧪 Testing nginx syntax...\033[0m
2025-08-11 13:40:31 - \033[0;31m❌ Nginx configuration test failed\033[0m
2025-08-11 13:40:31 - \033[0;31mNginx error logs:\033[0m
2025-08-11 13:40:32 - \033[0;31mSSL configuration test failed. Please check the logs.\033[0m
